<?xml version="1.0" encoding="UTF-8"?>
<!-- Generated by org.testng.reporters.JUnitXMLReporter -->
<testsuite ignored="0" hostname="MORGAN-QA7L" failures="3" tests="4" name="Default test" time="46.693" errors="0" timestamp="2023-08-07T23:46:57 IST">
  <testcase classname="com.testng.Ass2" name="croma" time="12.312"/>
  <testcase classname="com.testng.Ass2" name="flipkart" time="27.9">
    <failure type="com.microsoft.playwright.PlaywrightException" message="Error {
  message=&amp;apos;Target closed
=========================== logs ===========================
waiting for locator(&amp;quot;button[class=&amp;apos;_2KpZ6l _2doB4z&amp;apos;]&amp;quot;)
============================================================
  name=&amp;apos;Error
  stack=&amp;apos;Error: Target closed
=========================== logs ===========================
waiting for locator(&amp;quot;button[class=&amp;apos;_2KpZ6l _2doB4z&amp;apos;]&amp;quot;)
============================================================
    at CRSession.send (C:\Users\mrana\AppData\Local\Temp\playwright-java-1319875509796696647\package\lib\server\chromium\crConnection.js:163:34)
    at CRExecutionContext.evaluateWithArguments (C:\Users\mrana\AppData\Local\Temp\playwright-java-1319875509796696647\package\lib\server\chromium\crExecutionContext.js:78:28)
    at FrameExecutionContext.evaluateWithArguments (C:\Users\mrana\AppData\Local\Temp\playwright-java-1319875509796696647\package\lib\server\javascript.js:60:61)
    at evaluateExpression (C:\Users\mrana\AppData\Local\Temp\playwright-java-1319875509796696647\package\lib\server\javascript.js:218:26)
    at async C:\Users\mrana\AppData\Local\Temp\playwright-java-1319875509796696647\package\lib\server\frames.js:937:22
    at async Frame.retryWithProgressAndTimeouts (C:\Users\mrana\AppData\Local\Temp\playwright-java-1319875509796696647\package\lib\server\frames.js:908:24)
    at async C:\Users\mrana\AppData\Local\Temp\playwright-java-1319875509796696647\package\lib\server\frames.js:992:29
    at async ProgressController.run (C:\Users\mrana\AppData\Local\Temp\playwright-java-1319875509796696647\package\lib\server\progress.js:92:22)
    at async FrameDispatcher.click (C:\Users\mrana\AppData\Local\Temp\playwright-java-1319875509796696647\package\lib\server\dispatchers\frameDispatcher.js:149:12)
    at async DispatcherConnection.dispatch (C:\Users\mrana\AppData\Local\Temp\playwright-java-1319875509796696647\package\lib\server\dispatchers\dispatcher.js:312:22)
}">
      <![CDATA[com.microsoft.playwright.PlaywrightException: Error {
  message='Target closed
=========================== logs ===========================
waiting for locator("button[class='_2KpZ6l _2doB4z']")
============================================================
  name='Error
  stack='Error: Target closed
=========================== logs ===========================
waiting for locator("button[class='_2KpZ6l _2doB4z']")
============================================================
    at CRSession.send (C:\Users\mrana\AppData\Local\Temp\playwright-java-1319875509796696647\package\lib\server\chromium\crConnection.js:163:34)
    at CRExecutionContext.evaluateWithArguments (C:\Users\mrana\AppData\Local\Temp\playwright-java-1319875509796696647\package\lib\server\chromium\crExecutionContext.js:78:28)
    at FrameExecutionContext.evaluateWithArguments (C:\Users\mrana\AppData\Local\Temp\playwright-java-1319875509796696647\package\lib\server\javascript.js:60:61)
    at evaluateExpression (C:\Users\mrana\AppData\Local\Temp\playwright-java-1319875509796696647\package\lib\server\javascript.js:218:26)
    at async C:\Users\mrana\AppData\Local\Temp\playwright-java-1319875509796696647\package\lib\server\frames.js:937:22
    at async Frame.retryWithProgressAndTimeouts (C:\Users\mrana\AppData\Local\Temp\playwright-java-1319875509796696647\package\lib\server\frames.js:908:24)
    at async C:\Users\mrana\AppData\Local\Temp\playwright-java-1319875509796696647\package\lib\server\frames.js:992:29
    at async ProgressController.run (C:\Users\mrana\AppData\Local\Temp\playwright-java-1319875509796696647\package\lib\server\progress.js:92:22)
    at async FrameDispatcher.click (C:\Users\mrana\AppData\Local\Temp\playwright-java-1319875509796696647\package\lib\server\dispatchers\frameDispatcher.js:149:12)
    at async DispatcherConnection.dispatch (C:\Users\mrana\AppData\Local\Temp\playwright-java-1319875509796696647\package\lib\server\dispatchers\dispatcher.js:312:22)
}
at com.microsoft.playwright.impl.WaitableResult.get(WaitableResult.java:54)
at com.microsoft.playwright.impl.ChannelOwner.runUntil(ChannelOwner.java:111)
at com.microsoft.playwright.impl.Connection.sendMessage(Connection.java:126)
at com.microsoft.playwright.impl.ChannelOwner.sendMessage(ChannelOwner.java:102)
at com.microsoft.playwright.impl.FrameImpl.clickImpl(FrameImpl.java:252)
at com.microsoft.playwright.impl.PageImpl.lambda$click$17(PageImpl.java:603)
at com.microsoft.playwright.impl.LoggingSupport.lambda$withLogging$0(LoggingSupport.java:36)
at com.microsoft.playwright.impl.LoggingSupport.withLogging(LoggingSupport.java:47)
at com.microsoft.playwright.impl.ChannelOwner.withLogging(ChannelOwner.java:87)
at com.microsoft.playwright.impl.LoggingSupport.withLogging(LoggingSupport.java:35)
at com.microsoft.playwright.impl.PageImpl.click(PageImpl.java:602)
at com.microsoft.playwright.Page.click(Page.java:3683)
at com.testng.Ass2.flipkart(Ass2.java:66)
at java.base/jdk.internal.reflect.NativeMethodAccessorImpl.invoke0(Native Method)
at java.base/jdk.internal.reflect.NativeMethodAccessorImpl.invoke(NativeMethodAccessorImpl.java:77)
at java.base/jdk.internal.reflect.DelegatingMethodAccessorImpl.invoke(DelegatingMethodAccessorImpl.java:43)
at java.base/java.lang.reflect.Method.invoke(Method.java:568)
at org.testng.internal.invokers.MethodInvocationHelper.invokeMethod(MethodInvocationHelper.java:139)
at org.testng.internal.invokers.TestInvoker.invokeMethod(TestInvoker.java:677)
at org.testng.internal.invokers.TestInvoker.invokeTestMethod(TestInvoker.java:221)
at org.testng.internal.invokers.MethodRunner.runInSequence(MethodRunner.java:50)
at org.testng.internal.invokers.TestInvoker$MethodInvocationAgent.invoke(TestInvoker.java:969)
at org.testng.internal.invokers.TestInvoker.invokeTestMethods(TestInvoker.java:194)
at org.testng.internal.invokers.TestMethodWorker.invokeTestMethods(TestMethodWorker.java:148)
at org.testng.internal.invokers.TestMethodWorker.run(TestMethodWorker.java:128)
at java.base/java.util.ArrayList.forEach(ArrayList.java:1511)
at org.testng.TestRunner.privateRun(TestRunner.java:829)
at org.testng.TestRunner.run(TestRunner.java:602)
at org.testng.SuiteRunner.runTest(SuiteRunner.java:437)
at org.testng.SuiteRunner.runSequentially(SuiteRunner.java:431)
at org.testng.SuiteRunner.privateRun(SuiteRunner.java:391)
at org.testng.SuiteRunner.run(SuiteRunner.java:330)
at org.testng.SuiteRunnerWorker.runSuite(SuiteRunnerWorker.java:52)
at org.testng.SuiteRunnerWorker.run(SuiteRunnerWorker.java:95)
at org.testng.TestNG.runSuitesSequentially(TestNG.java:1256)
at org.testng.TestNG.runSuitesLocally(TestNG.java:1176)
at org.testng.TestNG.runSuites(TestNG.java:1099)
at org.testng.TestNG.run(TestNG.java:1067)
at org.testng.remote.AbstractRemoteTestNG.run(AbstractRemoteTestNG.java:115)
at org.testng.remote.RemoteTestNG.initAndRun(RemoteTestNG.java:251)
at org.testng.remote.RemoteTestNG.main(RemoteTestNG.java:77)
Caused by: com.microsoft.playwright.impl.DriverException: Error {
  message='Target closed
=========================== logs ===========================
waiting for locator("button[class='_2KpZ6l _2doB4z']")
============================================================
  name='Error
  stack='Error: Target closed
=========================== logs ===========================
waiting for locator("button[class='_2KpZ6l _2doB4z']")
============================================================
    at CRSession.send (C:\Users\mrana\AppData\Local\Temp\playwright-java-1319875509796696647\package\lib\server\chromium\crConnection.js:163:34)
    at CRExecutionContext.evaluateWithArguments (C:\Users\mrana\AppData\Local\Temp\playwright-java-1319875509796696647\package\lib\server\chromium\crExecutionContext.js:78:28)
    at FrameExecutionContext.evaluateWithArguments (C:\Users\mrana\AppData\Local\Temp\playwright-java-1319875509796696647\package\lib\server\javascript.js:60:61)
    at evaluateExpression (C:\Users\mrana\AppData\Local\Temp\playwright-java-1319875509796696647\package\lib\server\javascript.js:218:26)
    at async C:\Users\mrana\AppData\Local\Temp\playwright-java-1319875509796696647\package\lib\server\frames.js:937:22
    at async Frame.retryWithProgressAndTimeouts (C:\Users\mrana\AppData\Local\Temp\playwright-java-1319875509796696647\package\lib\server\frames.js:908:24)
    at async C:\Users\mrana\AppData\Local\Temp\playwright-java-1319875509796696647\package\lib\server\frames.js:992:29
    at async ProgressController.run (C:\Users\mrana\AppData\Local\Temp\playwright-java-1319875509796696647\package\lib\server\progress.js:92:22)
    at async FrameDispatcher.click (C:\Users\mrana\AppData\Local\Temp\playwright-java-1319875509796696647\package\lib\server\dispatchers\frameDispatcher.js:149:12)
    at async DispatcherConnection.dispatch (C:\Users\mrana\AppData\Local\Temp\playwright-java-1319875509796696647\package\lib\server\dispatchers\dispatcher.js:312:22)
}
at com.microsoft.playwright.impl.Connection.dispatch(Connection.java:226)
at com.microsoft.playwright.impl.Connection.processOneMessage(Connection.java:206)
at com.microsoft.playwright.impl.ChannelOwner.runUntil(ChannelOwner.java:109)
... 39 more
]]>
    </failure>
  </testcase> <!-- flipkart -->
  <testcase classname="com.testng.Ass2" name="jiomart" time="0.524">
    <failure type="com.microsoft.playwright.PlaywrightException" message="Error {
  message=&amp;apos;Navigation failed because page was closed!
=========================== logs ===========================
navigating to &amp;quot;https://www.jiomart.com/&amp;quot;, waiting until &amp;quot;load&amp;quot;
============================================================
  name=&amp;apos;Error
  stack=&amp;apos;Error: Navigation failed because page was closed!
=========================== logs ===========================
navigating to &amp;quot;https://www.jiomart.com/&amp;quot;, waiting until &amp;quot;load&amp;quot;
============================================================
    at C:\Users\mrana\AppData\Local\Temp\playwright-java-1319875509796696647\package\lib\server\frames.js:490:13
    at async ProgressController.run (C:\Users\mrana\AppData\Local\Temp\playwright-java-1319875509796696647\package\lib\server\progress.js:92:22)
    at async FrameDispatcher.goto (C:\Users\mrana\AppData\Local\Temp\playwright-java-1319875509796696647\package\lib\server\dispatchers\frameDispatcher.js:75:103)
    at async DispatcherConnection.dispatch (C:\Users\mrana\AppData\Local\Temp\playwright-java-1319875509796696647\package\lib\server\dispatchers\dispatcher.js:312:22)
}">
      <![CDATA[com.microsoft.playwright.PlaywrightException: Error {
  message='Navigation failed because page was closed!
=========================== logs ===========================
navigating to "https://www.jiomart.com/", waiting until "load"
============================================================
  name='Error
  stack='Error: Navigation failed because page was closed!
=========================== logs ===========================
navigating to "https://www.jiomart.com/", waiting until "load"
============================================================
    at C:\Users\mrana\AppData\Local\Temp\playwright-java-1319875509796696647\package\lib\server\frames.js:490:13
    at async ProgressController.run (C:\Users\mrana\AppData\Local\Temp\playwright-java-1319875509796696647\package\lib\server\progress.js:92:22)
    at async FrameDispatcher.goto (C:\Users\mrana\AppData\Local\Temp\playwright-java-1319875509796696647\package\lib\server\dispatchers\frameDispatcher.js:75:103)
    at async DispatcherConnection.dispatch (C:\Users\mrana\AppData\Local\Temp\playwright-java-1319875509796696647\package\lib\server\dispatchers\dispatcher.js:312:22)
}
at com.microsoft.playwright.impl.WaitableResult.get(WaitableResult.java:54)
at com.microsoft.playwright.impl.ChannelOwner.runUntil(ChannelOwner.java:111)
at com.microsoft.playwright.impl.Connection.sendMessage(Connection.java:126)
at com.microsoft.playwright.impl.ChannelOwner.sendMessage(ChannelOwner.java:102)
at com.microsoft.playwright.impl.FrameImpl.navigateImpl(FrameImpl.java:463)
at com.microsoft.playwright.impl.PageImpl.lambda$navigate$45(PageImpl.java:853)
at com.microsoft.playwright.impl.LoggingSupport.withLogging(LoggingSupport.java:47)
at com.microsoft.playwright.impl.ChannelOwner.withLogging(ChannelOwner.java:87)
at com.microsoft.playwright.impl.PageImpl.navigate(PageImpl.java:853)
at com.microsoft.playwright.impl.PageImpl.navigate(PageImpl.java:42)
at com.microsoft.playwright.Page.navigate(Page.java:5224)
at com.testng.Ass2.jiomart(Ass2.java:84)
at java.base/jdk.internal.reflect.NativeMethodAccessorImpl.invoke0(Native Method)
at java.base/jdk.internal.reflect.NativeMethodAccessorImpl.invoke(NativeMethodAccessorImpl.java:77)
at java.base/jdk.internal.reflect.DelegatingMethodAccessorImpl.invoke(DelegatingMethodAccessorImpl.java:43)
at java.base/java.lang.reflect.Method.invoke(Method.java:568)
at org.testng.internal.invokers.MethodInvocationHelper.invokeMethod(MethodInvocationHelper.java:139)
at org.testng.internal.invokers.TestInvoker.invokeMethod(TestInvoker.java:677)
at org.testng.internal.invokers.TestInvoker.invokeTestMethod(TestInvoker.java:221)
at org.testng.internal.invokers.MethodRunner.runInSequence(MethodRunner.java:50)
at org.testng.internal.invokers.TestInvoker$MethodInvocationAgent.invoke(TestInvoker.java:969)
at org.testng.internal.invokers.TestInvoker.invokeTestMethods(TestInvoker.java:194)
at org.testng.internal.invokers.TestMethodWorker.invokeTestMethods(TestMethodWorker.java:148)
at org.testng.internal.invokers.TestMethodWorker.run(TestMethodWorker.java:128)
at java.base/java.util.ArrayList.forEach(ArrayList.java:1511)
at org.testng.TestRunner.privateRun(TestRunner.java:829)
at org.testng.TestRunner.run(TestRunner.java:602)
at org.testng.SuiteRunner.runTest(SuiteRunner.java:437)
at org.testng.SuiteRunner.runSequentially(SuiteRunner.java:431)
at org.testng.SuiteRunner.privateRun(SuiteRunner.java:391)
at org.testng.SuiteRunner.run(SuiteRunner.java:330)
at org.testng.SuiteRunnerWorker.runSuite(SuiteRunnerWorker.java:52)
at org.testng.SuiteRunnerWorker.run(SuiteRunnerWorker.java:95)
at org.testng.TestNG.runSuitesSequentially(TestNG.java:1256)
at org.testng.TestNG.runSuitesLocally(TestNG.java:1176)
at org.testng.TestNG.runSuites(TestNG.java:1099)
at org.testng.TestNG.run(TestNG.java:1067)
at org.testng.remote.AbstractRemoteTestNG.run(AbstractRemoteTestNG.java:115)
at org.testng.remote.RemoteTestNG.initAndRun(RemoteTestNG.java:251)
at org.testng.remote.RemoteTestNG.main(RemoteTestNG.java:77)
Caused by: com.microsoft.playwright.impl.DriverException: Error {
  message='Navigation failed because page was closed!
=========================== logs ===========================
navigating to "https://www.jiomart.com/", waiting until "load"
============================================================
  name='Error
  stack='Error: Navigation failed because page was closed!
=========================== logs ===========================
navigating to "https://www.jiomart.com/", waiting until "load"
============================================================
    at C:\Users\mrana\AppData\Local\Temp\playwright-java-1319875509796696647\package\lib\server\frames.js:490:13
    at async ProgressController.run (C:\Users\mrana\AppData\Local\Temp\playwright-java-1319875509796696647\package\lib\server\progress.js:92:22)
    at async FrameDispatcher.goto (C:\Users\mrana\AppData\Local\Temp\playwright-java-1319875509796696647\package\lib\server\dispatchers\frameDispatcher.js:75:103)
    at async DispatcherConnection.dispatch (C:\Users\mrana\AppData\Local\Temp\playwright-java-1319875509796696647\package\lib\server\dispatchers\dispatcher.js:312:22)
}
at com.microsoft.playwright.impl.Connection.dispatch(Connection.java:226)
at com.microsoft.playwright.impl.Connection.processOneMessage(Connection.java:206)
at com.microsoft.playwright.impl.ChannelOwner.runUntil(ChannelOwner.java:109)
... 38 more
]]>
    </failure>
  </testcase> <!-- jiomart -->
  <testcase classname="com.testng.Ass2" name="priceCompare" time="0.005">
    <failure type="java.lang.NullPointerException" message="Cannot invoke &amp;quot;String.replaceAll(String, String)&amp;quot; because &amp;quot;price&amp;quot; is null">
      <![CDATA[java.lang.NullPointerException: Cannot invoke "String.replaceAll(String, String)" because "price" is null
at com.testng.Ass2.getPrice(Ass2.java:114)
at com.testng.Ass2.priceCompare(Ass2.java:100)
at java.base/jdk.internal.reflect.NativeMethodAccessorImpl.invoke0(Native Method)
at java.base/jdk.internal.reflect.NativeMethodAccessorImpl.invoke(NativeMethodAccessorImpl.java:77)
at java.base/jdk.internal.reflect.DelegatingMethodAccessorImpl.invoke(DelegatingMethodAccessorImpl.java:43)
at java.base/java.lang.reflect.Method.invoke(Method.java:568)
at org.testng.internal.invokers.MethodInvocationHelper.invokeMethod(MethodInvocationHelper.java:139)
at org.testng.internal.invokers.TestInvoker.invokeMethod(TestInvoker.java:677)
at org.testng.internal.invokers.TestInvoker.invokeTestMethod(TestInvoker.java:221)
at org.testng.internal.invokers.MethodRunner.runInSequence(MethodRunner.java:50)
at org.testng.internal.invokers.TestInvoker$MethodInvocationAgent.invoke(TestInvoker.java:969)
at org.testng.internal.invokers.TestInvoker.invokeTestMethods(TestInvoker.java:194)
at org.testng.internal.invokers.TestMethodWorker.invokeTestMethods(TestMethodWorker.java:148)
at org.testng.internal.invokers.TestMethodWorker.run(TestMethodWorker.java:128)
at java.base/java.util.ArrayList.forEach(ArrayList.java:1511)
at org.testng.TestRunner.privateRun(TestRunner.java:829)
at org.testng.TestRunner.run(TestRunner.java:602)
at org.testng.SuiteRunner.runTest(SuiteRunner.java:437)
at org.testng.SuiteRunner.runSequentially(SuiteRunner.java:431)
at org.testng.SuiteRunner.privateRun(SuiteRunner.java:391)
at org.testng.SuiteRunner.run(SuiteRunner.java:330)
at org.testng.SuiteRunnerWorker.runSuite(SuiteRunnerWorker.java:52)
at org.testng.SuiteRunnerWorker.run(SuiteRunnerWorker.java:95)
at org.testng.TestNG.runSuitesSequentially(TestNG.java:1256)
at org.testng.TestNG.runSuitesLocally(TestNG.java:1176)
at org.testng.TestNG.runSuites(TestNG.java:1099)
at org.testng.TestNG.run(TestNG.java:1067)
at org.testng.remote.AbstractRemoteTestNG.run(AbstractRemoteTestNG.java:115)
at org.testng.remote.RemoteTestNG.initAndRun(RemoteTestNG.java:251)
at org.testng.remote.RemoteTestNG.main(RemoteTestNG.java:77)
]]>
    </failure>
  </testcase> <!-- priceCompare -->
</testsuite> <!-- Default test -->
